<?xml version="1.0" encoding="UTF-8"?>
<testng-results ignored="0" total="4" passed="4" failed="0" skipped="0">
  <reporter-output>
  </reporter-output>
  <suite started-at="2022-04-13T02:07:05Z" name="NegativeLoginTestSuite" finished-at="2022-04-13T02:07:28Z" duration-ms="22387">
    <groups>
    </groups>
    <test started-at="2022-04-13T02:07:05Z" name="NegativePasswordTest-CH" finished-at="2022-04-13T02:07:24Z" duration-ms="18097">
      <class name="com.herokuapp.theinternet.loginPageTest.NegativeLoginTests">
        <test-method is-config="true" signature="setUp(java.lang.String, org.testng.ITestContext)[pri:0, instance:com.herokuapp.theinternet.loginPageTest.NegativeLoginTests@fd07cbb]" started-at="2022-04-13T02:07:06Z" name="setUp" finished-at="2022-04-13T02:07:12Z" duration-ms="6279" status="PASS">
          <params>
            <param index="0">
              <value>
                <![CDATA[chrome]]>
              </value>
            </param>
            <param index="1">
              <value>
                <![CDATA[org.testng.TestRunner@732c2a62]]>
              </value>
            </param>
          </params>
          <reporter-output>
          </reporter-output>
        </test-method> <!-- setUp -->
        <test-method signature="negativeTest(java.lang.String, java.lang.String, java.lang.String)[pri:1, instance:com.herokuapp.theinternet.loginPageTest.NegativeLoginTests@fd07cbb]" started-at="2022-04-13T02:07:12Z" name="negativeTest" finished-at="2022-04-13T02:07:21Z" duration-ms="9223" status="PASS">
          <params>
            <param index="0">
              <value>
                <![CDATA[tomsmith]]>
              </value>
            </param>
            <param index="1">
              <value>
                <![CDATA[incorrectPassword]]>
              </value>
            </param>
            <param index="2">
              <value>
                <![CDATA[Your password is invalid!]]>
              </value>
            </param>
          </params>
          <reporter-output>
          </reporter-output>
        </test-method> <!-- negativeTest -->
        <test-method is-config="true" signature="tearDown()[pri:0, instance:com.herokuapp.theinternet.loginPageTest.NegativeLoginTests@fd07cbb]" started-at="2022-04-13T02:07:21Z" name="tearDown" finished-at="2022-04-13T02:07:24Z" duration-ms="2547" status="PASS">
          <reporter-output>
          </reporter-output>
        </test-method> <!-- tearDown -->
      </class> <!-- com.herokuapp.theinternet.loginPageTest.NegativeLoginTests -->
    </test> <!-- NegativePasswordTest-CH -->
    <test started-at="2022-04-13T02:07:05Z" name="NegativeUsernameTest-CH" finished-at="2022-04-13T02:07:25Z" duration-ms="19494">
      <class name="com.herokuapp.theinternet.loginPageTest.NegativeLoginTests">
        <test-method is-config="true" signature="setUp(java.lang.String, org.testng.ITestContext)[pri:0, instance:com.herokuapp.theinternet.loginPageTest.NegativeLoginTests@37883b97]" started-at="2022-04-13T02:07:06Z" name="setUp" finished-at="2022-04-13T02:07:12Z" duration-ms="6666" status="PASS">
          <params>
            <param index="0">
              <value>
                <![CDATA[chrome]]>
              </value>
            </param>
            <param index="1">
              <value>
                <![CDATA[org.testng.TestRunner@272ed83b]]>
              </value>
            </param>
          </params>
          <reporter-output>
          </reporter-output>
        </test-method> <!-- setUp -->
        <test-method signature="negativeTest(java.lang.String, java.lang.String, java.lang.String)[pri:1, instance:com.herokuapp.theinternet.loginPageTest.NegativeLoginTests@37883b97]" started-at="2022-04-13T02:07:12Z" name="negativeTest" finished-at="2022-04-13T02:07:23Z" duration-ms="11197" status="PASS">
          <params>
            <param index="0">
              <value>
                <![CDATA[incorrectUsername]]>
              </value>
            </param>
            <param index="1">
              <value>
                <![CDATA[SuperSecretPassword!]]>
              </value>
            </param>
            <param index="2">
              <value>
                <![CDATA[Your username is invalid!]]>
              </value>
            </param>
          </params>
          <reporter-output>
          </reporter-output>
        </test-method> <!-- negativeTest -->
        <test-method is-config="true" signature="tearDown()[pri:0, instance:com.herokuapp.theinternet.loginPageTest.NegativeLoginTests@37883b97]" started-at="2022-04-13T02:07:23Z" name="tearDown" finished-at="2022-04-13T02:07:25Z" duration-ms="1577" status="PASS">
          <reporter-output>
          </reporter-output>
        </test-method> <!-- tearDown -->
      </class> <!-- com.herokuapp.theinternet.loginPageTest.NegativeLoginTests -->
    </test> <!-- NegativeUsernameTest-CH -->
    <test started-at="2022-04-13T02:07:05Z" name="NegativeUsernameTest-FF" finished-at="2022-04-13T02:07:28Z" duration-ms="22119">
      <class name="com.herokuapp.theinternet.loginPageTest.NegativeLoginTests">
        <test-method is-config="true" signature="setUp(java.lang.String, org.testng.ITestContext)[pri:0, instance:com.herokuapp.theinternet.loginPageTest.NegativeLoginTests@6236eb5f]" started-at="2022-04-13T02:07:06Z" name="setUp" finished-at="2022-04-13T02:07:19Z" duration-ms="13637" status="PASS">
          <params>
            <param index="0">
              <value>
                <![CDATA[firefox]]>
              </value>
            </param>
            <param index="1">
              <value>
                <![CDATA[org.testng.TestRunner@41fecb8b]]>
              </value>
            </param>
          </params>
          <reporter-output>
          </reporter-output>
        </test-method> <!-- setUp -->
        <test-method signature="negativeTest(java.lang.String, java.lang.String, java.lang.String)[pri:1, instance:com.herokuapp.theinternet.loginPageTest.NegativeLoginTests@6236eb5f]" started-at="2022-04-13T02:07:19Z" name="negativeTest" finished-at="2022-04-13T02:07:25Z" duration-ms="6318" status="PASS">
          <params>
            <param index="0">
              <value>
                <![CDATA[incorrectUsername]]>
              </value>
            </param>
            <param index="1">
              <value>
                <![CDATA[SuperSecretPassword!]]>
              </value>
            </param>
            <param index="2">
              <value>
                <![CDATA[Your username is invalid!]]>
              </value>
            </param>
          </params>
          <reporter-output>
          </reporter-output>
        </test-method> <!-- negativeTest -->
        <test-method is-config="true" signature="tearDown()[pri:0, instance:com.herokuapp.theinternet.loginPageTest.NegativeLoginTests@6236eb5f]" started-at="2022-04-13T02:07:25Z" name="tearDown" finished-at="2022-04-13T02:07:28Z" duration-ms="2120" status="PASS">
          <reporter-output>
          </reporter-output>
        </test-method> <!-- tearDown -->
      </class> <!-- com.herokuapp.theinternet.loginPageTest.NegativeLoginTests -->
    </test> <!-- NegativeUsernameTest-FF -->
    <test started-at="2022-04-13T02:07:05Z" name="NegativePasswordTest-FF" finished-at="2022-04-13T02:07:28Z" duration-ms="22371">
      <class name="com.herokuapp.theinternet.loginPageTest.NegativeLoginTests">
        <test-method is-config="true" signature="setUp(java.lang.String, org.testng.ITestContext)[pri:0, instance:com.herokuapp.theinternet.loginPageTest.NegativeLoginTests@740773a3]" started-at="2022-04-13T02:07:06Z" name="setUp" finished-at="2022-04-13T02:07:21Z" duration-ms="15081" status="PASS">
          <params>
            <param index="0">
              <value>
                <![CDATA[firefox]]>
              </value>
            </param>
            <param index="1">
              <value>
                <![CDATA[org.testng.TestRunner@120f102b]]>
              </value>
            </param>
          </params>
          <reporter-output>
          </reporter-output>
        </test-method> <!-- setUp -->
        <test-method signature="negativeTest(java.lang.String, java.lang.String, java.lang.String)[pri:1, instance:com.herokuapp.theinternet.loginPageTest.NegativeLoginTests@740773a3]" started-at="2022-04-13T02:07:21Z" name="negativeTest" finished-at="2022-04-13T02:07:26Z" duration-ms="5659" status="PASS">
          <params>
            <param index="0">
              <value>
                <![CDATA[tomsmith]]>
              </value>
            </param>
            <param index="1">
              <value>
                <![CDATA[incorrectPassword]]>
              </value>
            </param>
            <param index="2">
              <value>
                <![CDATA[Your password is invalid!]]>
              </value>
            </param>
          </params>
          <reporter-output>
          </reporter-output>
        </test-method> <!-- negativeTest -->
        <test-method is-config="true" signature="tearDown()[pri:0, instance:com.herokuapp.theinternet.loginPageTest.NegativeLoginTests@740773a3]" started-at="2022-04-13T02:07:26Z" name="tearDown" finished-at="2022-04-13T02:07:28Z" duration-ms="1594" status="PASS">
          <reporter-output>
          </reporter-output>
        </test-method> <!-- tearDown -->
      </class> <!-- com.herokuapp.theinternet.loginPageTest.NegativeLoginTests -->
    </test> <!-- NegativePasswordTest-FF -->
  </suite> <!-- NegativeLoginTestSuite -->
</testng-results>
